# JRE version: Java(TM) SE Runtime Environment (8.0_40-b26) (build 1.8.0_40-b26)
# Java VM: Java HotSpot(TM) 64-Bit Server VM (25.40-b25 mixed mode linux-amd64 compressed oops)
Heap:
 PSYoungGen      total 289280K, used 92458K [0x00000000eab00000, 0x00000000ff680000, 0x0000000100000000)
  eden space 258560K, 23% used [0x00000000eab00000,0x00000000ee74b110,0x00000000fa780000)
  from space 30720K, 99% used [0x00000000fb300000,0x00000000fd0ffa88,0x00000000fd100000)
  to   space 38400K, 0% used [0x00000000fd100000,0x00000000fd100000,0x00000000ff680000)
 ParOldGen       total 137728K, used 105136K [0x00000000c0000000, 0x00000000c8680000, 0x00000000eab00000)
  object space 137728K, 76% used [0x00000000c0000000,0x00000000c66ac0c8,0x00000000c8680000)
 Metaspace       used 116345K, capacity 121054K, committed 121128K, reserved 1153024K
  class space    used 15694K, capacity 17387K, committed 17448K, reserved 1048576K
GC Heap History (10 events):
Event: 13666.435 GC heap before
{Heap before GC invocations=57 (full 15):
 PSYoungGen      total 301568K, used 25226K [0x00000000eab00000, 0x00000000ff980000, 0x0000000100000000)
  eden space 263680K, 0% used [0x00000000eab00000,0x00000000eab00000,0x00000000fac80000)
  from space 37888K, 66% used [0x00000000fd280000,0x00000000feb22b68,0x00000000ff780000)
  to   space 38912K, 0% used [0x00000000fac80000,0x00000000fac80000,0x00000000fd280000)
 ParOldGen       total 137728K, used 65528K [0x00000000c0000000, 0x00000000c8680000, 0x00000000eab00000)
  object space 137728K, 47% used [0x00000000c0000000,0x00000000c3ffe0e8,0x00000000c8680000)
 Metaspace       used 100422K, capacity 103832K, committed 104744K, reserved 1138688K
  class space    used 13339K, capacity 14567K, committed 14888K, reserved 1048576K
Event: 13670.435 GC heap after
Heap after GC invocations=57 (full 15):
 PSYoungGen      total 301568K, used 0K [0x00000000eab00000, 0x00000000ff980000, 0x0000000100000000)
  eden space 263680K, 0% used [0x00000000eab00000,0x00000000eab00000,0x00000000fac80000)
  from space 37888K, 0% used [0x00000000fd280000,0x00000000fd280000,0x00000000ff780000)
  to   space 38912K, 0% used [0x00000000fac80000,0x00000000fac80000,0x00000000fd280000)
 ParOldGen       total 137728K, used 87568K [0x00000000c0000000, 0x00000000c8680000, 0x00000000eab00000)
  object space 137728K, 63% used [0x00000000c0000000,0x00000000c55842f0,0x00000000c8680000)
 Metaspace       used 100389K, capacity 103718K, committed 104744K, reserved 1138688K
  class space    used 13331K, capacity 14533K, committed 14888K, reserved 1048576K
}
Event: 13849.395 GC heap before
{Heap before GC invocations=58 (full 15):
 PSYoungGen      total 301568K, used 263680K [0x00000000eab00000, 0x00000000ff980000, 0x0000000100000000)
  eden space 263680K, 100% used [0x00000000eab00000,0x00000000fac80000,0x00000000fac80000)
  from space 37888K, 0% used [0x00000000fd280000,0x00000000fd280000,0x00000000ff780000)
  to   space 38912K, 0% used [0x00000000fac80000,0x00000000fac80000,0x00000000fd280000)
 ParOldGen       total 137728K, used 87568K [0x00000000c0000000, 0x00000000c8680000, 0x00000000eab00000)
  object space 137728K, 63% used [0x00000000c0000000,0x00000000c55842f0,0x00000000c8680000)
 Metaspace       used 107852K, capacity 111866K, committed 112296K, reserved 1144832K
  class space    used 14426K, capacity 15880K, committed 16040K, reserved 1048576K
Event: 13849.717 GC heap after
Heap after GC invocations=58 (full 15):
 PSYoungGen      total 302592K, used 28790K [0x00000000eab00000, 0x0000000100000000, 0x0000000100000000)
  eden space 263680K, 0% used [0x00000000eab00000,0x00000000eab00000,0x00000000fac80000)
  from space 38912K, 73% used [0x00000000fac80000,0x00000000fc89dbd8,0x00000000fd280000)
  to   space 40448K, 0% used [0x00000000fd880000,0x00000000fd880000,0x0000000100000000)
 ParOldGen       total 137728K, used 87576K [0x00000000c0000000, 0x00000000c8680000, 0x00000000eab00000)
  object space 137728K, 63% used [0x00000000c0000000,0x00000000c55862f0,0x00000000c8680000)
 Metaspace       used 107852K, capacity 111866K, committed 112296K, reserved 1144832K
  class space    used 14426K, capacity 15880K, committed 16040K, reserved 1048576K
}
Event: 13881.402 GC heap before
{Heap before GC invocations=59 (full 15):
 PSYoungGen      total 302592K, used 118019K [0x00000000eab00000, 0x0000000100000000, 0x0000000100000000)
  eden space 263680K, 33% used [0x00000000eab00000,0x00000000f0223288,0x00000000fac80000)
  from space 38912K, 73% used [0x00000000fac80000,0x00000000fc89dbd8,0x00000000fd280000)
  to   space 40448K, 0% used [0x00000000fd880000,0x00000000fd880000,0x0000000100000000)
 ParOldGen       total 137728K, used 87576K [0x00000000c0000000, 0x00000000c8680000, 0x00000000eab00000)
  object space 137728K, 63% used [0x00000000c0000000,0x00000000c55862f0,0x00000000c8680000)
 Metaspace       used 108743K, capacity 112872K, committed 113192K, reserved 1146880K
  class space    used 14569K, capacity 16025K, committed 16168K, reserved 1048576K
Event: 13881.432 GC heap after
Heap after GC invocations=59 (full 15):
 PSYoungGen      total 310784K, used 20567K [0x00000000eab00000, 0x0000000100000000, 0x0000000100000000)
  eden space 270336K, 0% used [0x00000000eab00000,0x00000000eab00000,0x00000000fb300000)
  from space 40448K, 50% used [0x00000000fd880000,0x00000000fec95e50,0x0000000100000000)
  to   space 38400K, 0% used [0x00000000fb300000,0x00000000fb300000,0x00000000fd880000)
 ParOldGen       total 137728K, used 87584K [0x00000000c0000000, 0x00000000c8680000, 0x00000000eab00000)
  object space 137728K, 63% used [0x00000000c0000000,0x00000000c55882f0,0x00000000c8680000)
 Metaspace       used 108743K, capacity 112872K, committed 113192K, reserved 1146880K
  class space    used 14569K, capacity 16025K, committed 16168K, reserved 1048576K
}
Event: 13881.432 GC heap before
{Heap before GC invocations=60 (full 16):
 PSYoungGen      total 310784K, used 20567K [0x00000000eab00000, 0x0000000100000000, 0x0000000100000000)
  eden space 270336K, 0% used [0x00000000eab00000,0x00000000eab00000,0x00000000fb300000)
  from space 40448K, 50% used [0x00000000fd880000,0x00000000fec95e50,0x0000000100000000)
  to   space 38400K, 0% used [0x00000000fb300000,0x00000000fb300000,0x00000000fd880000)
 ParOldGen       total 137728K, used 87584K [0x00000000c0000000, 0x00000000c8680000, 0x00000000eab00000)
  object space 137728K, 63% used [0x00000000c0000000,0x00000000c55882f0,0x00000000c8680000)
 Metaspace       used 108743K, capacity 112872K, committed 113192K, reserved 1146880K
  class space    used 14569K, capacity 16025K, committed 16168K, reserved 1048576K
Event: 13882.986 GC heap after
Heap after GC invocations=60 (full 16):
 PSYoungGen      total 310784K, used 0K [0x00000000eab00000, 0x0000000100000000, 0x0000000100000000)
  eden space 270336K, 0% used [0x00000000eab00000,0x00000000eab00000,0x00000000fb300000)
  from space 40448K, 0% used [0x00000000fd880000,0x00000000fd880000,0x0000000100000000)
  to   space 38400K, 0% used [0x00000000fb300000,0x00000000fb300000,0x00000000fd880000)
 ParOldGen       total 137728K, used 105128K [0x00000000c0000000, 0x00000000c8680000, 0x00000000eab00000)
  object space 137728K, 76% used [0x00000000c0000000,0x00000000c66aa0c8,0x00000000c8680000)
 Metaspace       used 108710K, capacity 112758K, committed 113192K, reserved 1146880K
  class space    used 14561K, capacity 15991K, committed 16168K, reserved 1048576K
}
Event: 16685.870 GC heap before
{Heap before GC invocations=61 (full 16):
 PSYoungGen      total 310784K, used 270336K [0x00000000eab00000, 0x0000000100000000, 0x0000000100000000)
  eden space 270336K, 100% used [0x00000000eab00000,0x00000000fb300000,0x00000000fb300000)
  from space 40448K, 0% used [0x00000000fd880000,0x00000000fd880000,0x0000000100000000)
  to   space 38400K, 0% used [0x00000000fb300000,0x00000000fb300000,0x00000000fd880000)
 ParOldGen       total 137728K, used 105128K [0x00000000c0000000, 0x00000000c8680000, 0x00000000eab00000)
  object space 137728K, 76% used [0x00000000c0000000,0x00000000c66aa0c8,0x00000000c8680000)
 Metaspace       used 116170K, capacity 120854K, committed 121128K, reserved 1153024K
  class space    used 15658K, capacity 17339K, committed 17448K, reserved 1048576K
Event: 16690.412 GC heap after
Heap after GC invocations=61 (full 16):
 PSYoungGen      total 289280K, used 30718K [0x00000000eab00000, 0x00000000ff680000, 0x0000000100000000)
  eden space 258560K, 0% used [0x00000000eab00000,0x00000000eab00000,0x00000000fa780000)
  from space 30720K, 99% used [0x00000000fb300000,0x00000000fd0ffa88,0x00000000fd100000)
  to   space 38400K, 0% used [0x00000000fd100000,0x00000000fd100000,0x00000000ff680000)
 ParOldGen       total 137728K, used 105136K [0x00000000c0000000, 0x00000000c8680000, 0x00000000eab00000)
  object space 137728K, 76% used [0x00000000c0000000,0x00000000c66ac0c8,0x00000000c8680000)
 Metaspace       used 116170K, capacity 120854K, committed 121128K, reserved 1153024K
  class space    used 15658K, capacity 17339K, committed 17448K, reserved 1048576K
}

